# JRE version: Java(TM) SE Runtime Environment (17.0.12+8) (build 17.0.12+8-LTS-286)
# Java VM: Java HotSpot(TM) 64-Bit Server VM (17.0.12+8-LTS-286, mixed mode, sharing, tiered, compressed oops, compressed class ptrs, g1 gc, bsd-amd64)
Heap:
 garbage-first heap   total 163840K, used 44097K [0x0000000700000000, 0x0000000800000000)
  region size 2048K, 5 young (10240K), 4 survivors (8192K)
 Metaspace       used 21253K, committed 21568K, reserved 1114112K
  class space    used 2305K, committed 2432K, reserved 1048576K
GC Heap History (10 events):
Event: 1.094 GC heap before
{Heap before GC invocations=0 (full 0):
 garbage-first heap   total 266240K, used 24536K [0x0000000700000000, 0x0000000800000000)
  region size 2048K, 11 young (22528K), 0 survivors (0K)
 Metaspace       used 5392K, committed 5504K, reserved 1114112K
  class space    used 628K, committed 704K, reserved 1048576K
}
Event: 1.098 GC heap after
{Heap after GC invocations=1 (full 0):
 garbage-first heap   total 266240K, used 5362K [0x0000000700000000, 0x0000000800000000)
  region size 2048K, 2 young (4096K), 2 survivors (4096K)
 Metaspace       used 5392K, committed 5504K, reserved 1114112K
  class space    used 628K, committed 704K, reserved 1048576K
}
Event: 1.595 GC heap before
{Heap before GC invocations=1 (full 0):
 garbage-first heap   total 266240K, used 42226K [0x0000000700000000, 0x0000000800000000)
  region size 2048K, 20 young (40960K), 2 survivors (4096K)
 Metaspace       used 11146K, committed 11264K, reserved 1114112K
  class space    used 1368K, committed 1408K, reserved 1048576K
}
Event: 1.599 GC heap after
{Heap after GC invocations=2 (full 0):
 garbage-first heap   total 266240K, used 7501K [0x0000000700000000, 0x0000000800000000)
  region size 2048K, 2 young (4096K), 2 survivors (4096K)
 Metaspace       used 11146K, committed 11264K, reserved 1114112K
  class space    used 1368K, committed 1408K, reserved 1048576K
}
Event: 2.894 GC heap before
{Heap before GC invocations=2 (full 0):
 garbage-first heap   total 266240K, used 159053K [0x0000000700000000, 0x0000000800000000)
  region size 2048K, 76 young (155648K), 2 survivors (4096K)
 Metaspace       used 13659K, committed 13824K, reserved 1114112K
  class space    used 1512K, committed 1600K, reserved 1048576K
}
Event: 2.906 GC heap after
{Heap after GC invocations=3 (full 0):
 garbage-first heap   total 266240K, used 26175K [0x0000000700000000, 0x0000000800000000)
  region size 2048K, 10 young (20480K), 10 survivors (20480K)
 Metaspace       used 13659K, committed 13824K, reserved 1114112K
  class space    used 1512K, committed 1600K, reserved 1048576K
}
Event: 4.076 GC heap before
{Heap before GC invocations=3 (full 0):
 garbage-first heap   total 266240K, used 155199K [0x0000000700000000, 0x0000000800000000)
  region size 2048K, 73 young (149504K), 10 survivors (20480K)
 Metaspace       used 18274K, committed 18496K, reserved 1114112K
  class space    used 2005K, committed 2112K, reserved 1048576K
}
Event: 4.094 GC heap after
{Heap after GC invocations=4 (full 0):
 garbage-first heap   total 266240K, used 37573K [0x0000000700000000, 0x0000000800000000)
  region size 2048K, 6 young (12288K), 6 survivors (12288K)
 Metaspace       used 18274K, committed 18496K, reserved 1114112K
  class space    used 2005K, committed 2112K, reserved 1048576K
}
Event: 5.194 GC heap before
{Heap before GC invocations=4 (full 0):
 garbage-first heap   total 266240K, used 166597K [0x0000000700000000, 0x0000000800000000)
  region size 2048K, 70 young (143360K), 6 survivors (12288K)
 Metaspace       used 21220K, committed 21504K, reserved 1114112K
  class space    used 2296K, committed 2432K, reserved 1048576K
}
Event: 5.201 GC heap after
{Heap after GC invocations=5 (full 0):
 garbage-first heap   total 266240K, used 43073K [0x0000000700000000, 0x0000000800000000)
  region size 2048K, 4 young (8192K), 4 survivors (8192K)
 Metaspace       used 21220K, committed 21504K, reserved 1114112K
  class space    used 2296K, committed 2432K, reserved 1048576K
}

