# JRE version: Java(TM) SE Runtime Environment (17.0.12+8) (build 17.0.12+8-LTS-286)
# Java VM: Java HotSpot(TM) 64-Bit Server VM (17.0.12+8-LTS-286, mixed mode, sharing, tiered, compressed oops, compressed class ptrs, g1 gc, bsd-amd64)
Heap:
 garbage-first heap   total 266240K, used 111819K [0x0000000700000000, 0x0000000800000000)
  region size 2048K, 43 young (88064K), 6 survivors (12288K)
 Metaspace       used 18596K, committed 18880K, reserved 1114112K
  class space    used 2030K, committed 2176K, reserved 1048576K
GC Heap History (8 events):
Event: 1.870 GC heap before
{Heap before GC invocations=0 (full 0):
 garbage-first heap   total 266240K, used 24536K [0x0000000700000000, 0x0000000800000000)
  region size 2048K, 11 young (22528K), 0 survivors (0K)
 Metaspace       used 5416K, committed 5568K, reserved 1114112K
  class space    used 634K, committed 704K, reserved 1048576K
}
Event: 1.877 GC heap after
{Heap after GC invocations=1 (full 0):
 garbage-first heap   total 266240K, used 5405K [0x0000000700000000, 0x0000000800000000)
  region size 2048K, 2 young (4096K), 2 survivors (4096K)
 Metaspace       used 5416K, committed 5568K, reserved 1114112K
  class space    used 634K, committed 704K, reserved 1048576K
}
Event: 2.984 GC heap before
{Heap before GC invocations=1 (full 0):
 garbage-first heap   total 266240K, used 42269K [0x0000000700000000, 0x0000000800000000)
  region size 2048K, 20 young (40960K), 2 survivors (4096K)
 Metaspace       used 11209K, committed 11392K, reserved 1114112K
  class space    used 1377K, committed 1472K, reserved 1048576K
}
Event: 2.993 GC heap after
{Heap after GC invocations=2 (full 0):
 garbage-first heap   total 266240K, used 7416K [0x0000000700000000, 0x0000000800000000)
  region size 2048K, 2 young (4096K), 2 survivors (4096K)
 Metaspace       used 11209K, committed 11392K, reserved 1114112K
  class space    used 1377K, committed 1472K, reserved 1048576K
}
Event: 5.453 GC heap before
{Heap before GC invocations=2 (full 0):
 garbage-first heap   total 266240K, used 158968K [0x0000000700000000, 0x0000000800000000)
  region size 2048K, 76 young (155648K), 2 survivors (4096K)
 Metaspace       used 13662K, committed 13824K, reserved 1114112K
  class space    used 1514K, committed 1600K, reserved 1048576K
}
Event: 5.480 GC heap after
{Heap after GC invocations=3 (full 0):
 garbage-first heap   total 266240K, used 25828K [0x0000000700000000, 0x0000000800000000)
  region size 2048K, 10 young (20480K), 10 survivors (20480K)
 Metaspace       used 13662K, committed 13824K, reserved 1114112K
  class space    used 1514K, committed 1600K, reserved 1048576K
}
Event: 6.873 GC heap before
{Heap before GC invocations=3 (full 0):
 garbage-first heap   total 266240K, used 189668K [0x0000000700000000, 0x0000000800000000)
  region size 2048K, 74 young (151552K), 10 survivors (20480K)
 Metaspace       used 15393K, committed 15552K, reserved 1114112K
  class space    used 1701K, committed 1792K, reserved 1048576K
}
Event: 6.900 GC heap after
{Heap after GC invocations=4 (full 0):
 garbage-first heap   total 266240K, used 36043K [0x0000000700000000, 0x0000000800000000)
  region size 2048K, 6 young (12288K), 6 survivors (12288K)
 Metaspace       used 15393K, committed 15552K, reserved 1114112K
  class space    used 1701K, committed 1792K, reserved 1048576K
}

