# JRE version: Java(TM) SE Runtime Environment (17.0.12+8) (build 17.0.12+8-LTS-286)
# Java VM: Java HotSpot(TM) 64-Bit Server VM (17.0.12+8-LTS-286, mixed mode, sharing, tiered, compressed oops, compressed class ptrs, g1 gc, bsd-amd64)
Heap:
 garbage-first heap   total 266240K, used 111628K [0x0000000700000000, 0x0000000800000000)
  region size 2048K, 43 young (88064K), 6 survivors (12288K)
 Metaspace       used 18523K, committed 18816K, reserved 1114112K
  class space    used 2027K, committed 2176K, reserved 1048576K
GC Heap History (8 events):
Event: 1.679 GC heap before
{Heap before GC invocations=0 (full 0):
 garbage-first heap   total 266240K, used 24536K [0x0000000700000000, 0x0000000800000000)
  region size 2048K, 11 young (22528K), 0 survivors (0K)
 Metaspace       used 5415K, committed 5568K, reserved 1114112K
  class space    used 633K, committed 704K, reserved 1048576K
}
Event: 1.685 GC heap after
{Heap after GC invocations=1 (full 0):
 garbage-first heap   total 266240K, used 5458K [0x0000000700000000, 0x0000000800000000)
  region size 2048K, 2 young (4096K), 2 survivors (4096K)
 Metaspace       used 5415K, committed 5568K, reserved 1114112K
  class space    used 633K, committed 704K, reserved 1048576K
}
Event: 2.839 GC heap before
{Heap before GC invocations=1 (full 0):
 garbage-first heap   total 266240K, used 42322K [0x0000000700000000, 0x0000000800000000)
  region size 2048K, 20 young (40960K), 2 survivors (4096K)
 Metaspace       used 11352K, committed 11520K, reserved 1114112K
  class space    used 1404K, committed 1472K, reserved 1048576K
}
Event: 2.848 GC heap after
{Heap after GC invocations=2 (full 0):
 garbage-first heap   total 266240K, used 7513K [0x0000000700000000, 0x0000000800000000)
  region size 2048K, 2 young (4096K), 2 survivors (4096K)
 Metaspace       used 11352K, committed 11520K, reserved 1114112K
  class space    used 1404K, committed 1472K, reserved 1048576K
}
Event: 4.935 GC heap before
{Heap before GC invocations=2 (full 0):
 garbage-first heap   total 266240K, used 159065K [0x0000000700000000, 0x0000000800000000)
  region size 2048K, 76 young (155648K), 2 survivors (4096K)
 Metaspace       used 13539K, committed 13760K, reserved 1114112K
  class space    used 1513K, committed 1600K, reserved 1048576K
}
Event: 4.962 GC heap after
{Heap after GC invocations=3 (full 0):
 garbage-first heap   total 266240K, used 25923K [0x0000000700000000, 0x0000000800000000)
  region size 2048K, 10 young (20480K), 10 survivors (20480K)
 Metaspace       used 13539K, committed 13760K, reserved 1114112K
  class space    used 1513K, committed 1600K, reserved 1048576K
}
Event: 7.555 GC heap before
{Heap before GC invocations=3 (full 0):
 garbage-first heap   total 266240K, used 187715K [0x0000000700000000, 0x0000000800000000)
  region size 2048K, 73 young (149504K), 10 survivors (20480K)
 Metaspace       used 15331K, committed 15552K, reserved 1114112K
  class space    used 1700K, committed 1792K, reserved 1048576K
}
Event: 7.591 GC heap after
{Heap after GC invocations=4 (full 0):
 garbage-first heap   total 266240K, used 35852K [0x0000000700000000, 0x0000000800000000)
  region size 2048K, 6 young (12288K), 6 survivors (12288K)
 Metaspace       used 15331K, committed 15552K, reserved 1114112K
  class space    used 1700K, committed 1792K, reserved 1048576K
}

