# JRE version: Java(TM) SE Runtime Environment (17.0.12+8) (build 17.0.12+8-LTS-286)
# Java VM: Java HotSpot(TM) 64-Bit Server VM (17.0.12+8-LTS-286, mixed mode, sharing, tiered, compressed oops, compressed class ptrs, g1 gc, bsd-amd64)
Heap:
 garbage-first heap   total 245760K, used 68710K [0x0000000700000000, 0x0000000800000000)
  region size 2048K, 4 young (8192K), 3 survivors (6144K)
 Metaspace       used 21244K, committed 21568K, reserved 1114112K
  class space    used 2310K, committed 2432K, reserved 1048576K
GC Heap History (16 events):
Event: 1.303 GC heap before
{Heap before GC invocations=0 (full 0):
 garbage-first heap   total 266240K, used 24536K [0x0000000700000000, 0x0000000800000000)
  region size 2048K, 11 young (22528K), 0 survivors (0K)
 Metaspace       used 5392K, committed 5504K, reserved 1114112K
  class space    used 628K, committed 704K, reserved 1048576K
}
Event: 1.307 GC heap after
{Heap after GC invocations=1 (full 0):
 garbage-first heap   total 266240K, used 5335K [0x0000000700000000, 0x0000000800000000)
  region size 2048K, 2 young (4096K), 2 survivors (4096K)
 Metaspace       used 5392K, committed 5504K, reserved 1114112K
  class space    used 628K, committed 704K, reserved 1048576K
}
Event: 1.849 GC heap before
{Heap before GC invocations=1 (full 0):
 garbage-first heap   total 266240K, used 42199K [0x0000000700000000, 0x0000000800000000)
  region size 2048K, 20 young (40960K), 2 survivors (4096K)
 Metaspace       used 11079K, committed 11264K, reserved 1114112K
  class space    used 1355K, committed 1408K, reserved 1048576K
}
Event: 1.853 GC heap after
{Heap after GC invocations=2 (full 0):
 garbage-first heap   total 266240K, used 7464K [0x0000000700000000, 0x0000000800000000)
  region size 2048K, 2 young (4096K), 2 survivors (4096K)
 Metaspace       used 11079K, committed 11264K, reserved 1114112K
  class space    used 1355K, committed 1408K, reserved 1048576K
}
Event: 2.958 GC heap before
{Heap before GC invocations=2 (full 0):
 garbage-first heap   total 266240K, used 159016K [0x0000000700000000, 0x0000000800000000)
  region size 2048K, 76 young (155648K), 2 survivors (4096K)
 Metaspace       used 13631K, committed 13824K, reserved 1114112K
  class space    used 1513K, committed 1600K, reserved 1048576K
}
Event: 2.972 GC heap after
{Heap after GC invocations=3 (full 0):
 garbage-first heap   total 266240K, used 26841K [0x0000000700000000, 0x0000000800000000)
  region size 2048K, 10 young (20480K), 10 survivors (20480K)
 Metaspace       used 13631K, committed 13824K, reserved 1114112K
  class space    used 1513K, committed 1600K, reserved 1048576K
}
Event: 3.520 GC heap before
{Heap before GC invocations=3 (full 0):
 garbage-first heap   total 266240K, used 155865K [0x0000000700000000, 0x0000000800000000)
  region size 2048K, 73 young (149504K), 10 survivors (20480K)
 Metaspace       used 13822K, committed 14016K, reserved 1114112K
  class space    used 1518K, committed 1600K, reserved 1048576K
}
Event: 3.539 GC heap after
{Heap after GC invocations=4 (full 0):
 garbage-first heap   total 266240K, used 42139K [0x0000000700000000, 0x0000000800000000)
  region size 2048K, 8 young (16384K), 8 survivors (16384K)
 Metaspace       used 13822K, committed 14016K, reserved 1114112K
  class space    used 1518K, committed 1600K, reserved 1048576K
}
Event: 4.176 GC heap before
{Heap before GC invocations=4 (full 0):
 garbage-first heap   total 266240K, used 175259K [0x0000000700000000, 0x0000000800000000)
  region size 2048K, 73 young (149504K), 8 survivors (16384K)
 Metaspace       used 13898K, committed 14080K, reserved 1114112K
  class space    used 1521K, committed 1600K, reserved 1048576K
}
Event: 4.188 GC heap after
{Heap after GC invocations=5 (full 0):
 garbage-first heap   total 266240K, used 53538K [0x0000000700000000, 0x0000000800000000)
  region size 2048K, 6 young (12288K), 6 survivors (12288K)
 Metaspace       used 13898K, committed 14080K, reserved 1114112K
  class space    used 1521K, committed 1600K, reserved 1048576K
}
Event: 5.439 GC heap before
{Heap before GC invocations=5 (full 0):
 garbage-first heap   total 266240K, used 186658K [0x0000000700000000, 0x0000000800000000)
  region size 2048K, 71 young (145408K), 6 survivors (12288K)
 Metaspace       used 18708K, committed 19008K, reserved 1114112K
  class space    used 2046K, committed 2176K, reserved 1048576K
}
Event: 5.450 GC heap after
{Heap after GC invocations=6 (full 0):
 garbage-first heap   total 266240K, used 63429K [0x0000000700000000, 0x0000000800000000)
  region size 2048K, 5 young (10240K), 5 survivors (10240K)
 Metaspace       used 18708K, committed 19008K, reserved 1114112K
  class space    used 2046K, committed 2176K, reserved 1048576K
}
Event: 6.348 GC heap before
{Heap before GC invocations=6 (full 0):
 garbage-first heap   total 266240K, used 196549K [0x0000000700000000, 0x0000000800000000)
  region size 2048K, 70 young (143360K), 5 survivors (10240K)
 Metaspace       used 20935K, committed 21248K, reserved 1114112K
  class space    used 2274K, committed 2432K, reserved 1048576K
}
Event: 6.356 GC heap after
{Heap after GC invocations=7 (full 0):
 garbage-first heap   total 266240K, used 67194K [0x0000000700000000, 0x0000000800000000)
  region size 2048K, 7 young (14336K), 7 survivors (14336K)
 Metaspace       used 20935K, committed 21248K, reserved 1114112K
  class space    used 2274K, committed 2432K, reserved 1048576K
}
Event: 6.454 GC heap before
{Heap before GC invocations=7 (full 0):
 garbage-first heap   total 266240K, used 83578K [0x0000000700000000, 0x0000000800000000)
  region size 2048K, 16 young (32768K), 7 survivors (14336K)
 Metaspace       used 21210K, committed 21504K, reserved 1114112K
  class space    used 2301K, committed 2432K, reserved 1048576K
}
Event: 6.463 GC heap after
{Heap after GC invocations=8 (full 0):
 garbage-first heap   total 266240K, used 67686K [0x0000000700000000, 0x0000000800000000)
  region size 2048K, 3 young (6144K), 3 survivors (6144K)
 Metaspace       used 21210K, committed 21504K, reserved 1114112K
  class space    used 2301K, committed 2432K, reserved 1048576K
}

