# JRE version: Java(TM) SE Runtime Environment (17.0.12+8) (build 17.0.12+8-LTS-286)
# Java VM: Java HotSpot(TM) 64-Bit Server VM (17.0.12+8-LTS-286, mixed mode, sharing, tiered, compressed oops, compressed class ptrs, g1 gc, bsd-amd64)
Heap:
 garbage-first heap   total 274432K, used 131785K [0x0000000700000000, 0x0000000800000000)
  region size 2048K, 32 young (65536K), 5 survivors (10240K)
 Metaspace       used 22025K, committed 22336K, reserved 1114112K
  class space    used 2382K, committed 2496K, reserved 1048576K
GC Heap History (16 events):
Event: 2.007 GC heap before
{Heap before GC invocations=0 (full 0):
 garbage-first heap   total 266240K, used 24536K [0x0000000700000000, 0x0000000800000000)
  region size 2048K, 11 young (22528K), 0 survivors (0K)
 Metaspace       used 5427K, committed 5568K, reserved 1114112K
  class space    used 633K, committed 704K, reserved 1048576K
}
Event: 2.015 GC heap after
{Heap after GC invocations=1 (full 0):
 garbage-first heap   total 266240K, used 5351K [0x0000000700000000, 0x0000000800000000)
  region size 2048K, 2 young (4096K), 2 survivors (4096K)
 Metaspace       used 5427K, committed 5568K, reserved 1114112K
  class space    used 633K, committed 704K, reserved 1048576K
}
Event: 3.247 GC heap before
{Heap before GC invocations=1 (full 0):
 garbage-first heap   total 266240K, used 42215K [0x0000000700000000, 0x0000000800000000)
  region size 2048K, 20 young (40960K), 2 survivors (4096K)
 Metaspace       used 11143K, committed 11264K, reserved 1114112K
  class space    used 1368K, committed 1408K, reserved 1048576K
}
Event: 3.257 GC heap after
{Heap after GC invocations=2 (full 0):
 garbage-first heap   total 266240K, used 7425K [0x0000000700000000, 0x0000000800000000)
  region size 2048K, 2 young (4096K), 2 survivors (4096K)
 Metaspace       used 11143K, committed 11264K, reserved 1114112K
  class space    used 1368K, committed 1408K, reserved 1048576K
}
Event: 6.289 GC heap before
{Heap before GC invocations=2 (full 0):
 garbage-first heap   total 266240K, used 158977K [0x0000000700000000, 0x0000000800000000)
  region size 2048K, 76 young (155648K), 2 survivors (4096K)
 Metaspace       used 13632K, committed 13824K, reserved 1114112K
  class space    used 1513K, committed 1600K, reserved 1048576K
}
Event: 6.328 GC heap after
{Heap after GC invocations=3 (full 0):
 garbage-first heap   total 266240K, used 26628K [0x0000000700000000, 0x0000000800000000)
  region size 2048K, 10 young (20480K), 10 survivors (20480K)
 Metaspace       used 13632K, committed 13824K, reserved 1114112K
  class space    used 1513K, committed 1600K, reserved 1048576K
}
Event: 7.625 GC heap before
{Heap before GC invocations=3 (full 0):
 garbage-first heap   total 266240K, used 145412K [0x0000000700000000, 0x0000000800000000)
  region size 2048K, 68 young (139264K), 10 survivors (20480K)
 Metaspace       used 13822K, committed 14016K, reserved 1114112K
  class space    used 1517K, committed 1600K, reserved 1048576K
}
Event: 7.667 GC heap after
{Heap after GC invocations=4 (full 0):
 garbage-first heap   total 266240K, used 40313K [0x0000000700000000, 0x0000000800000000)
  region size 2048K, 7 young (14336K), 7 survivors (14336K)
 Metaspace       used 13822K, committed 14016K, reserved 1114112K
  class space    used 1517K, committed 1600K, reserved 1048576K
}
Event: 9.238 GC heap before
{Heap before GC invocations=4 (full 0):
 garbage-first heap   total 266240K, used 163193K [0x0000000700000000, 0x0000000800000000)
  region size 2048K, 67 young (137216K), 7 survivors (14336K)
 Metaspace       used 13887K, committed 14080K, reserved 1114112K
  class space    used 1521K, committed 1600K, reserved 1048576K
}
Event: 9.250 GC heap after
{Heap after GC invocations=5 (full 0):
 garbage-first heap   total 266240K, used 51890K [0x0000000700000000, 0x0000000800000000)
  region size 2048K, 6 young (12288K), 6 survivors (12288K)
 Metaspace       used 13887K, committed 14080K, reserved 1114112K
  class space    used 1521K, committed 1600K, reserved 1048576K
}
Event: 10.143 GC heap before
{Heap before GC invocations=5 (full 0):
 garbage-first heap   total 266240K, used 185010K [0x0000000700000000, 0x0000000800000000)
  region size 2048K, 71 young (145408K), 6 survivors (12288K)
 Metaspace       used 13928K, committed 14144K, reserved 1114112K
  class space    used 1522K, committed 1600K, reserved 1048576K
}
Event: 10.156 GC heap after
{Heap after GC invocations=6 (full 0):
 garbage-first heap   total 266240K, used 64245K [0x0000000700000000, 0x0000000800000000)
  region size 2048K, 7 young (14336K), 7 survivors (14336K)
 Metaspace       used 13928K, committed 14144K, reserved 1114112K
  class space    used 1522K, committed 1600K, reserved 1048576K
}
Event: 12.184 GC heap before
{Heap before GC invocations=6 (full 0):
 garbage-first heap   total 266240K, used 193269K [0x0000000700000000, 0x0000000800000000)
  region size 2048K, 70 young (143360K), 7 survivors (14336K)
 Metaspace       used 19520K, committed 19776K, reserved 1114112K
  class space    used 2120K, committed 2240K, reserved 1048576K
}
Event: 12.210 GC heap after
{Heap after GC invocations=7 (full 0):
 garbage-first heap   total 266240K, used 71033K [0x0000000700000000, 0x0000000800000000)
  region size 2048K, 3 young (6144K), 3 survivors (6144K)
 Metaspace       used 19520K, committed 19776K, reserved 1114112K
  class space    used 2120K, committed 2240K, reserved 1048576K
}
Event: 12.975 GC heap before
{Heap before GC invocations=7 (full 0):
 garbage-first heap   total 266240K, used 175481K [0x0000000700000000, 0x0000000800000000)
  region size 2048K, 55 young (112640K), 3 survivors (6144K)
 Metaspace       used 21247K, committed 21504K, reserved 1114112K
  class space    used 2300K, committed 2432K, reserved 1048576K
}
Event: 12.980 GC heap after
{Heap after GC invocations=8 (full 0):
 garbage-first heap   total 319488K, used 74441K [0x0000000700000000, 0x0000000800000000)
  region size 2048K, 5 young (10240K), 5 survivors (10240K)
 Metaspace       used 21247K, committed 21504K, reserved 1114112K
  class space    used 2300K, committed 2432K, reserved 1048576K
}

