# JRE version: Java(TM) SE Runtime Environment (17.0.12+8) (build 17.0.12+8-LTS-286)
# Java VM: Java HotSpot(TM) 64-Bit Server VM (17.0.12+8-LTS-286, mixed mode, emulated-client, sharing, tiered, compressed oops, compressed class ptrs, g1 gc, bsd-amd64)
Heap:
 garbage-first heap   total 385024K, used 196850K [0x0000000700000000, 0x0000000800000000)
  region size 2048K, 23 young (47104K), 3 survivors (6144K)
 Metaspace       used 128523K, committed 130496K, reserved 1179648K
  class space    used 17517K, committed 18176K, reserved 1048576K
GC Heap History (20 events):
Event: 18.700 GC heap before
{Heap before GC invocations=28 (full 0):
 garbage-first heap   total 319488K, used 265195K [0x0000000700000000, 0x0000000800000000)
  region size 2048K, 75 young (153600K), 6 survivors (12288K)
 Metaspace       used 95589K, committed 96256K, reserved 1179648K
  class space    used 12695K, committed 13056K, reserved 1048576K
}
Event: 18.723 GC heap after
{Heap after GC invocations=29 (full 0):
 garbage-first heap   total 319488K, used 127549K [0x0000000700000000, 0x0000000800000000)
  region size 2048K, 4 young (8192K), 4 survivors (8192K)
 Metaspace       used 95589K, committed 96256K, reserved 1179648K
  class space    used 12695K, committed 13056K, reserved 1048576K
}
Event: 19.346 GC heap before
{Heap before GC invocations=29 (full 0):
 garbage-first heap   total 319488K, used 264765K [0x0000000700000000, 0x0000000800000000)
  region size 2048K, 71 young (145408K), 4 survivors (8192K)
 Metaspace       used 95995K, committed 96704K, reserved 1179648K
  class space    used 12742K, committed 13120K, reserved 1048576K
}
Event: 19.352 GC heap after
{Heap after GC invocations=30 (full 0):
 garbage-first heap   total 385024K, used 130431K [0x0000000700000000, 0x0000000800000000)
  region size 2048K, 5 young (10240K), 5 survivors (10240K)
 Metaspace       used 95995K, committed 96704K, reserved 1179648K
  class space    used 12742K, committed 13120K, reserved 1048576K
}
Event: 20.211 GC heap before
{Heap before GC invocations=30 (full 0):
 garbage-first heap   total 385024K, used 322943K [0x0000000700000000, 0x0000000800000000)
  region size 2048K, 99 young (202752K), 5 survivors (10240K)
 Metaspace       used 96753K, committed 97472K, reserved 1179648K
  class space    used 12845K, committed 13248K, reserved 1048576K
}
Event: 20.219 GC heap after
{Heap after GC invocations=31 (full 0):
 garbage-first heap   total 385024K, used 133136K [0x0000000700000000, 0x0000000800000000)
  region size 2048K, 7 young (14336K), 7 survivors (14336K)
 Metaspace       used 96753K, committed 97472K, reserved 1179648K
  class space    used 12845K, committed 13248K, reserved 1048576K
}
Event: 21.249 GC heap before
{Heap before GC invocations=31 (full 0):
 garbage-first heap   total 385024K, used 323600K [0x0000000700000000, 0x0000000800000000)
  region size 2048K, 100 young (204800K), 7 survivors (14336K)
 Metaspace       used 101281K, committed 102016K, reserved 1179648K
  class space    used 13874K, committed 14272K, reserved 1048576K
}
Event: 21.260 GC heap after
{Heap after GC invocations=32 (full 0):
 garbage-first heap   total 385024K, used 137027K [0x0000000700000000, 0x0000000800000000)
  region size 2048K, 9 young (18432K), 9 survivors (18432K)
 Metaspace       used 101281K, committed 102016K, reserved 1179648K
  class space    used 13874K, committed 14272K, reserved 1048576K
}
Event: 22.132 GC heap before
{Heap before GC invocations=32 (full 0):
 garbage-first heap   total 385024K, used 323395K [0x0000000700000000, 0x0000000800000000)
  region size 2048K, 99 young (202752K), 9 survivors (18432K)
 Metaspace       used 106024K, committed 106752K, reserved 1179648K
  class space    used 14667K, committed 15040K, reserved 1048576K
}
Event: 22.145 GC heap after
{Heap after GC invocations=33 (full 0):
 garbage-first heap   total 385024K, used 141501K [0x0000000700000000, 0x0000000800000000)
  region size 2048K, 9 young (18432K), 9 survivors (18432K)
 Metaspace       used 106024K, committed 106752K, reserved 1179648K
  class space    used 14667K, committed 15040K, reserved 1048576K
}
Event: 22.989 GC heap before
{Heap before GC invocations=33 (full 0):
 garbage-first heap   total 385024K, used 321725K [0x0000000700000000, 0x0000000800000000)
  region size 2048K, 97 young (198656K), 9 survivors (18432K)
 Metaspace       used 107076K, committed 107712K, reserved 1179648K
  class space    used 14847K, committed 15168K, reserved 1048576K
}
Event: 23.001 GC heap after
{Heap after GC invocations=34 (full 0):
 garbage-first heap   total 385024K, used 144838K [0x0000000700000000, 0x0000000800000000)
  region size 2048K, 8 young (16384K), 8 survivors (16384K)
 Metaspace       used 107076K, committed 107712K, reserved 1179648K
  class space    used 14847K, committed 15168K, reserved 1048576K
}
Event: 23.286 GC heap before
{Heap before GC invocations=34 (full 0):
 garbage-first heap   total 385024K, used 193990K [0x0000000700000000, 0x0000000800000000)
  region size 2048K, 33 young (67584K), 8 survivors (16384K)
 Metaspace       used 108036K, committed 108736K, reserved 1179648K
  class space    used 15015K, committed 15360K, reserved 1048576K
}
Event: 23.295 GC heap after
{Heap after GC invocations=35 (full 0):
 garbage-first heap   total 385024K, used 146852K [0x0000000700000000, 0x0000000800000000)
  region size 2048K, 7 young (14336K), 7 survivors (14336K)
 Metaspace       used 108036K, committed 108736K, reserved 1179648K
  class space    used 15015K, committed 15360K, reserved 1048576K
}
Event: 175.249 GC heap before
{Heap before GC invocations=36 (full 0):
 garbage-first heap   total 385024K, used 327076K [0x0000000700000000, 0x0000000800000000)
  region size 2048K, 95 young (194560K), 7 survivors (14336K)
 Metaspace       used 125820K, committed 126656K, reserved 1179648K
  class space    used 17199K, committed 17600K, reserved 1048576K
}
Event: 175.357 GC heap after
{Heap after GC invocations=37 (full 0):
 garbage-first heap   total 385024K, used 153450K [0x0000000700000000, 0x0000000800000000)
  region size 2048K, 9 young (18432K), 9 survivors (18432K)
 Metaspace       used 125820K, committed 126656K, reserved 1179648K
  class space    used 17199K, committed 17600K, reserved 1048576K
}
Event: 175.473 GC heap before
{Heap before GC invocations=37 (full 0):
 garbage-first heap   total 385024K, used 155498K [0x0000000700000000, 0x0000000800000000)
  region size 2048K, 10 young (20480K), 9 survivors (18432K)
 Metaspace       used 125820K, committed 126656K, reserved 1179648K
  class space    used 17199K, committed 17600K, reserved 1048576K
}
Event: 175.530 GC heap after
{Heap after GC invocations=38 (full 0):
 garbage-first heap   total 385024K, used 154695K [0x0000000700000000, 0x0000000800000000)
  region size 2048K, 2 young (4096K), 2 survivors (4096K)
 Metaspace       used 125820K, committed 126656K, reserved 1179648K
  class space    used 17199K, committed 17600K, reserved 1048576K
}
Event: 578.543 GC heap before
{Heap before GC invocations=38 (full 0):
 garbage-first heap   total 385024K, used 324679K [0x0000000700000000, 0x0000000800000000)
  region size 2048K, 85 young (174080K), 2 survivors (4096K)
 Metaspace       used 129537K, committed 130496K, reserved 1179648K
  class space    used 17708K, committed 18176K, reserved 1048576K
}
Event: 578.895 GC heap after
{Heap after GC invocations=39 (full 0):
 garbage-first heap   total 385024K, used 156881K [0x0000000700000000, 0x0000000800000000)
  region size 2048K, 3 young (6144K), 3 survivors (6144K)
 Metaspace       used 129537K, committed 130496K, reserved 1179648K
  class space    used 17708K, committed 18176K, reserved 1048576K
}

