# JRE version: Java(TM) SE Runtime Environment (17.0.12+8) (build 17.0.12+8-LTS-286)
# Java VM: Java HotSpot(TM) 64-Bit Server VM (17.0.12+8-LTS-286, mixed mode, emulated-client, sharing, tiered, compressed oops, compressed class ptrs, g1 gc, bsd-amd64)
Heap:
 garbage-first heap   total 430080K, used 179269K [0x0000000700000000, 0x0000000800000000)
  region size 2048K, 23 young (47104K), 8 survivors (16384K)
 Metaspace       used 129952K, committed 130752K, reserved 1179648K
  class space    used 17817K, committed 18176K, reserved 1048576K
GC Heap History (20 events):
Event: 29.020 GC heap before
{Heap before GC invocations=27 (full 0):
 garbage-first heap   total 212992K, used 110173K [0x0000000700000000, 0x0000000800000000)
  region size 2048K, 5 young (10240K), 4 survivors (8192K)
 Metaspace       used 90124K, committed 90688K, reserved 1179648K
  class space    used 12211K, committed 12480K, reserved 1048576K
}
Event: 29.027 GC heap after
{Heap after GC invocations=28 (full 0):
 garbage-first heap   total 212992K, used 108771K [0x0000000700000000, 0x0000000800000000)
  region size 2048K, 1 young (2048K), 1 survivors (2048K)
 Metaspace       used 90124K, committed 90688K, reserved 1179648K
  class space    used 12211K, committed 12480K, reserved 1048576K
}
Event: 29.663 GC heap before
{Heap before GC invocations=28 (full 0):
 garbage-first heap   total 212992K, used 174307K [0x0000000700000000, 0x0000000800000000)
  region size 2048K, 33 young (67584K), 1 survivors (2048K)
 Metaspace       used 91093K, committed 91712K, reserved 1179648K
  class space    used 12278K, committed 12608K, reserved 1048576K
}
Event: 29.669 GC heap after
{Heap after GC invocations=29 (full 0):
 garbage-first heap   total 212992K, used 110990K [0x0000000700000000, 0x0000000800000000)
  region size 2048K, 2 young (4096K), 2 survivors (4096K)
 Metaspace       used 91093K, committed 91712K, reserved 1179648K
  class space    used 12278K, committed 12608K, reserved 1048576K
}
Event: 30.332 GC heap before
{Heap before GC invocations=30 (full 0):
 garbage-first heap   total 212992K, used 174478K [0x0000000700000000, 0x0000000800000000)
  region size 2048K, 33 young (67584K), 2 survivors (4096K)
 Metaspace       used 92240K, committed 92864K, reserved 1179648K
  class space    used 12362K, committed 12672K, reserved 1048576K
}
Event: 30.338 GC heap after
{Heap after GC invocations=31 (full 0):
 garbage-first heap   total 212992K, used 113749K [0x0000000700000000, 0x0000000800000000)
  region size 2048K, 3 young (6144K), 3 survivors (6144K)
 Metaspace       used 92240K, committed 92864K, reserved 1179648K
  class space    used 12362K, committed 12672K, reserved 1048576K
}
Event: 30.366 GC heap before
{Heap before GC invocations=31 (full 0):
 garbage-first heap   total 212992K, used 115797K [0x0000000700000000, 0x0000000800000000)
  region size 2048K, 5 young (10240K), 3 survivors (6144K)
 Metaspace       used 92252K, committed 92864K, reserved 1179648K
  class space    used 12363K, committed 12672K, reserved 1048576K
}
Event: 30.376 GC heap after
{Heap after GC invocations=32 (full 0):
 garbage-first heap   total 212992K, used 114000K [0x0000000700000000, 0x0000000800000000)
  region size 2048K, 1 young (2048K), 1 survivors (2048K)
 Metaspace       used 92252K, committed 92864K, reserved 1179648K
  class space    used 12363K, committed 12672K, reserved 1048576K
}
Event: 31.127 GC heap before
{Heap before GC invocations=32 (full 0):
 garbage-first heap   total 212992K, used 175440K [0x0000000700000000, 0x0000000800000000)
  region size 2048K, 31 young (63488K), 1 survivors (2048K)
 Metaspace       used 93279K, committed 93952K, reserved 1179648K
  class space    used 12454K, committed 12800K, reserved 1048576K
}
Event: 31.134 GC heap after
{Heap after GC invocations=33 (full 0):
 garbage-first heap   total 485376K, used 115568K [0x0000000700000000, 0x0000000800000000)
  region size 2048K, 2 young (4096K), 2 survivors (4096K)
 Metaspace       used 93279K, committed 93952K, reserved 1179648K
  class space    used 12454K, committed 12800K, reserved 1048576K
}
Event: 36.552 GC heap before
{Heap before GC invocations=34 (full 0):
 garbage-first heap   total 430080K, used 369520K [0x0000000700000000, 0x0000000800000000)
  region size 2048K, 126 young (258048K), 2 survivors (4096K)
 Metaspace       used 103025K, committed 103616K, reserved 1179648K
  class space    used 13719K, committed 14016K, reserved 1048576K
}
Event: 36.567 GC heap after
{Heap after GC invocations=35 (full 0):
 garbage-first heap   total 430080K, used 125545K [0x0000000700000000, 0x0000000800000000)
  region size 2048K, 7 young (14336K), 7 survivors (14336K)
 Metaspace       used 103025K, committed 103616K, reserved 1179648K
  class space    used 13719K, committed 14016K, reserved 1048576K
}
Event: 36.660 GC heap before
{Heap before GC invocations=35 (full 0):
 garbage-first heap   total 430080K, used 131689K [0x0000000700000000, 0x0000000800000000)
  region size 2048K, 10 young (20480K), 7 survivors (14336K)
 Metaspace       used 103064K, committed 103680K, reserved 1179648K
  class space    used 13727K, committed 14016K, reserved 1048576K
}
Event: 36.678 GC heap after
{Heap after GC invocations=36 (full 0):
 garbage-first heap   total 430080K, used 126697K [0x0000000700000000, 0x0000000800000000)
  region size 2048K, 1 young (2048K), 1 survivors (2048K)
 Metaspace       used 103064K, committed 103680K, reserved 1179648K
  class space    used 13727K, committed 14016K, reserved 1048576K
}
Event: 39.509 GC heap before
{Heap before GC invocations=36 (full 0):
 garbage-first heap   total 430080K, used 349929K [0x0000000700000000, 0x0000000800000000)
  region size 2048K, 110 young (225280K), 1 survivors (2048K)
 Metaspace       used 105965K, committed 106560K, reserved 1179648K
  class space    used 14191K, committed 14464K, reserved 1048576K
}
Event: 39.519 GC heap after
{Heap after GC invocations=37 (full 0):
 garbage-first heap   total 430080K, used 133937K [0x0000000700000000, 0x0000000800000000)
  region size 2048K, 5 young (10240K), 5 survivors (10240K)
 Metaspace       used 105965K, committed 106560K, reserved 1179648K
  class space    used 14191K, committed 14464K, reserved 1048576K
}
Event: 42.168 GC heap before
{Heap before GC invocations=37 (full 0):
 garbage-first heap   total 430080K, used 355121K [0x0000000700000000, 0x0000000800000000)
  region size 2048K, 112 young (229376K), 5 survivors (10240K)
 Metaspace       used 113681K, committed 114368K, reserved 1179648K
  class space    used 15791K, committed 16128K, reserved 1048576K
}
Event: 42.182 GC heap after
{Heap after GC invocations=38 (full 0):
 garbage-first heap   total 430080K, used 141732K [0x0000000700000000, 0x0000000800000000)
  region size 2048K, 9 young (18432K), 9 survivors (18432K)
 Metaspace       used 113681K, committed 114368K, reserved 1179648K
  class space    used 15791K, committed 16128K, reserved 1048576K
}
Event: 46.906 GC heap before
{Heap before GC invocations=38 (full 0):
 garbage-first heap   total 430080K, used 356772K [0x0000000700000000, 0x0000000800000000)
  region size 2048K, 114 young (233472K), 9 survivors (18432K)
 Metaspace       used 128630K, committed 129344K, reserved 1179648K
  class space    used 17521K, committed 17856K, reserved 1048576K
}
Event: 46.925 GC heap after
{Heap after GC invocations=39 (full 0):
 garbage-first heap   total 430080K, used 148549K [0x0000000700000000, 0x0000000800000000)
  region size 2048K, 8 young (16384K), 8 survivors (16384K)
 Metaspace       used 128630K, committed 129344K, reserved 1179648K
  class space    used 17521K, committed 17856K, reserved 1048576K
}

