# JRE version: Java(TM) SE Runtime Environment (17.0.12+8) (build 17.0.12+8-LTS-286)
# Java VM: Java HotSpot(TM) 64-Bit Server VM (17.0.12+8-LTS-286, mixed mode, emulated-client, sharing, tiered, compressed oops, compressed class ptrs, g1 gc, bsd-amd64)
Heap:
 garbage-first heap   total 110592K, used 75445K [0x0000000700000000, 0x0000000800000000)
  region size 2048K, 16 young (32768K), 2 survivors (4096K)
 Metaspace       used 67805K, committed 68416K, reserved 1114112K
  class space    used 9834K, committed 10112K, reserved 1048576K
GC Heap History (20 events):
Event: 6.025 GC heap before
{Heap before GC invocations=5 (full 0):
 garbage-first heap   total 81920K, used 58995K [0x0000000700000000, 0x0000000800000000)
  region size 2048K, 24 young (49152K), 4 survivors (8192K)
 Metaspace       used 26304K, committed 26688K, reserved 1114112K
  class space    used 3692K, committed 3840K, reserved 1048576K
}
Event: 6.046 GC heap after
{Heap after GC invocations=6 (full 0):
 garbage-first heap   total 81920K, used 20999K [0x0000000700000000, 0x0000000800000000)
  region size 2048K, 2 young (4096K), 2 survivors (4096K)
 Metaspace       used 26304K, committed 26688K, reserved 1114112K
  class space    used 3692K, committed 3840K, reserved 1048576K
}
Event: 6.070 GC heap before
{Heap before GC invocations=6 (full 0):
 garbage-first heap   total 81920K, used 23047K [0x0000000700000000, 0x0000000800000000)
  region size 2048K, 3 young (6144K), 2 survivors (4096K)
 Metaspace       used 26324K, committed 26688K, reserved 1114112K
  class space    used 3697K, committed 3840K, reserved 1048576K
}
Event: 6.079 GC heap after
{Heap after GC invocations=7 (full 0):
 garbage-first heap   total 81920K, used 21510K [0x0000000700000000, 0x0000000800000000)
  region size 2048K, 1 young (2048K), 1 survivors (2048K)
 Metaspace       used 26324K, committed 26688K, reserved 1114112K
  class space    used 3697K, committed 3840K, reserved 1048576K
}
Event: 6.855 GC heap before
{Heap before GC invocations=7 (full 0):
 garbage-first heap   total 81920K, used 52230K [0x0000000700000000, 0x0000000800000000)
  region size 2048K, 17 young (34816K), 1 survivors (2048K)
 Metaspace       used 29473K, committed 29888K, reserved 1114112K
  class space    used 4147K, committed 4352K, reserved 1048576K
}
Event: 6.858 GC heap after
{Heap after GC invocations=8 (full 0):
 garbage-first heap   total 163840K, used 23165K [0x0000000700000000, 0x0000000800000000)
  region size 2048K, 2 young (4096K), 2 survivors (4096K)
 Metaspace       used 29473K, committed 29888K, reserved 1114112K
  class space    used 4147K, committed 4352K, reserved 1048576K
}
Event: 8.310 GC heap before
{Heap before GC invocations=8 (full 0):
 garbage-first heap   total 163840K, used 86653K [0x0000000700000000, 0x0000000800000000)
  region size 2048K, 34 young (69632K), 2 survivors (4096K)
 Metaspace       used 35611K, committed 35968K, reserved 1114112K
  class space    used 4961K, committed 5120K, reserved 1048576K
}
Event: 8.319 GC heap after
{Heap after GC invocations=9 (full 0):
 garbage-first heap   total 163840K, used 25801K [0x0000000700000000, 0x0000000800000000)
  region size 2048K, 3 young (6144K), 3 survivors (6144K)
 Metaspace       used 35611K, committed 35968K, reserved 1114112K
  class space    used 4961K, committed 5120K, reserved 1048576K
}
Event: 9.834 GC heap before
{Heap before GC invocations=10 (full 0):
 garbage-first heap   total 110592K, used 83145K [0x0000000700000000, 0x0000000800000000)
  region size 2048K, 32 young (65536K), 3 survivors (6144K)
 Metaspace       used 44295K, committed 44736K, reserved 1114112K
  class space    used 6130K, committed 6336K, reserved 1048576K
}
Event: 9.846 GC heap after
{Heap after GC invocations=11 (full 0):
 garbage-first heap   total 110592K, used 33424K [0x0000000700000000, 0x0000000800000000)
  region size 2048K, 4 young (8192K), 4 survivors (8192K)
 Metaspace       used 44295K, committed 44736K, reserved 1114112K
  class space    used 6130K, committed 6336K, reserved 1048576K
}
Event: 11.019 GC heap before
{Heap before GC invocations=11 (full 0):
 garbage-first heap   total 110592K, used 78480K [0x0000000700000000, 0x0000000800000000)
  region size 2048K, 26 young (53248K), 4 survivors (8192K)
 Metaspace       used 49566K, committed 49984K, reserved 1114112K
  class space    used 7039K, committed 7232K, reserved 1048576K
}
Event: 11.026 GC heap after
{Heap after GC invocations=12 (full 0):
 garbage-first heap   total 110592K, used 36882K [0x0000000700000000, 0x0000000800000000)
  region size 2048K, 2 young (4096K), 2 survivors (4096K)
 Metaspace       used 49566K, committed 49984K, reserved 1114112K
  class space    used 7039K, committed 7232K, reserved 1048576K
}
Event: 12.132 GC heap before
{Heap before GC invocations=12 (full 0):
 garbage-first heap   total 110592K, used 79890K [0x0000000700000000, 0x0000000800000000)
  region size 2048K, 23 young (47104K), 2 survivors (4096K)
 Metaspace       used 53257K, committed 53696K, reserved 1114112K
  class space    used 7614K, committed 7808K, reserved 1048576K
}
Event: 12.135 GC heap after
{Heap after GC invocations=13 (full 0):
 garbage-first heap   total 110592K, used 39143K [0x0000000700000000, 0x0000000800000000)
  region size 2048K, 3 young (6144K), 3 survivors (6144K)
 Metaspace       used 53257K, committed 53696K, reserved 1114112K
  class space    used 7614K, committed 7808K, reserved 1048576K
}
Event: 13.334 GC heap before
{Heap before GC invocations=13 (full 0):
 garbage-first heap   total 110592K, used 82151K [0x0000000700000000, 0x0000000800000000)
  region size 2048K, 24 young (49152K), 3 survivors (6144K)
 Metaspace       used 58885K, committed 59328K, reserved 1114112K
  class space    used 8430K, committed 8640K, reserved 1048576K
}
Event: 13.345 GC heap after
{Heap after GC invocations=14 (full 0):
 garbage-first heap   total 110592K, used 44965K [0x0000000700000000, 0x0000000800000000)
  region size 2048K, 3 young (6144K), 3 survivors (6144K)
 Metaspace       used 58885K, committed 59328K, reserved 1114112K
  class space    used 8430K, committed 8640K, reserved 1048576K
}
Event: 13.516 GC heap before
{Heap before GC invocations=14 (full 0):
 garbage-first heap   total 110592K, used 49061K [0x0000000700000000, 0x0000000800000000)
  region size 2048K, 6 young (12288K), 3 survivors (6144K)
 Metaspace       used 59836K, committed 60288K, reserved 1114112K
  class space    used 8594K, committed 8832K, reserved 1048576K
}
Event: 13.523 GC heap after
{Heap after GC invocations=15 (full 0):
 garbage-first heap   total 110592K, used 46299K [0x0000000700000000, 0x0000000800000000)
  region size 2048K, 1 young (2048K), 1 survivors (2048K)
 Metaspace       used 59836K, committed 60288K, reserved 1114112K
  class space    used 8594K, committed 8832K, reserved 1048576K
}
Event: 14.530 GC heap before
{Heap before GC invocations=16 (full 0):
 garbage-first heap   total 110592K, used 79067K [0x0000000700000000, 0x0000000800000000)
  region size 2048K, 18 young (36864K), 1 survivors (2048K)
 Metaspace       used 64363K, committed 64896K, reserved 1114112K
  class space    used 9335K, committed 9600K, reserved 1048576K
}
Event: 14.536 GC heap after
{Heap after GC invocations=17 (full 0):
 garbage-first heap   total 110592K, used 48819K [0x0000000700000000, 0x0000000800000000)
  region size 2048K, 2 young (4096K), 2 survivors (4096K)
 Metaspace       used 64363K, committed 64896K, reserved 1114112K
  class space    used 9335K, committed 9600K, reserved 1048576K
}

