# JRE version: Java(TM) SE Runtime Environment (17.0.12+8) (build 17.0.12+8-LTS-286)
# Java VM: Java HotSpot(TM) 64-Bit Server VM (17.0.12+8-LTS-286, mixed mode, emulated-client, sharing, tiered, compressed oops, compressed class ptrs, g1 gc, bsd-amd64)
Heap:
 garbage-first heap   total 110592K, used 51733K [0x0000000700000000, 0x0000000800000000)
  region size 2048K, 4 young (8192K), 1 survivors (2048K)
 Metaspace       used 67654K, committed 68416K, reserved 1114112K
  class space    used 9803K, committed 10112K, reserved 1048576K
GC Heap History (20 events):
Event: 12.460 GC heap before
{Heap before GC invocations=11 (full 0):
 garbage-first heap   total 110592K, used 35818K [0x0000000700000000, 0x0000000800000000)
  region size 2048K, 5 young (10240K), 4 survivors (8192K)
 Metaspace       used 44606K, committed 44992K, reserved 1114112K
  class space    used 6167K, committed 6336K, reserved 1048576K
}
Event: 12.465 GC heap after
{Heap after GC invocations=12 (full 0):
 garbage-first heap   total 110592K, used 34624K [0x0000000700000000, 0x0000000800000000)
  region size 2048K, 1 young (2048K), 1 survivors (2048K)
 Metaspace       used 44606K, committed 44992K, reserved 1114112K
  class space    used 6167K, committed 6336K, reserved 1048576K
}
Event: 13.708 GC heap before
{Heap before GC invocations=12 (full 0):
 garbage-first heap   total 110592K, used 79680K [0x0000000700000000, 0x0000000800000000)
  region size 2048K, 23 young (47104K), 1 survivors (2048K)
 Metaspace       used 49677K, committed 50048K, reserved 1114112K
  class space    used 7055K, committed 7232K, reserved 1048576K
}
Event: 13.711 GC heap after
{Heap after GC invocations=13 (full 0):
 garbage-first heap   total 110592K, used 36220K [0x0000000700000000, 0x0000000800000000)
  region size 2048K, 2 young (4096K), 2 survivors (4096K)
 Metaspace       used 49677K, committed 50048K, reserved 1114112K
  class space    used 7055K, committed 7232K, reserved 1048576K
}
Event: 14.855 GC heap before
{Heap before GC invocations=13 (full 0):
 garbage-first heap   total 110592K, used 81276K [0x0000000700000000, 0x0000000800000000)
  region size 2048K, 24 young (49152K), 2 survivors (4096K)
 Metaspace       used 53727K, committed 54144K, reserved 1114112K
  class space    used 7694K, committed 7872K, reserved 1048576K
}
Event: 14.860 GC heap after
{Heap after GC invocations=14 (full 0):
 garbage-first heap   total 110592K, used 39256K [0x0000000700000000, 0x0000000800000000)
  region size 2048K, 3 young (6144K), 3 survivors (6144K)
 Metaspace       used 53727K, committed 54144K, reserved 1114112K
  class space    used 7694K, committed 7872K, reserved 1048576K
}
Event: 17.707 GC heap before
{Heap before GC invocations=14 (full 0):
 garbage-first heap   total 110592K, used 82264K [0x0000000700000000, 0x0000000800000000)
  region size 2048K, 24 young (49152K), 3 survivors (6144K)
 Metaspace       used 59564K, committed 60032K, reserved 1114112K
  class space    used 8543K, committed 8768K, reserved 1048576K
}
Event: 17.725 GC heap after
{Heap after GC invocations=15 (full 0):
 garbage-first heap   total 110592K, used 44781K [0x0000000700000000, 0x0000000800000000)
  region size 2048K, 3 young (6144K), 3 survivors (6144K)
 Metaspace       used 59564K, committed 60032K, reserved 1114112K
  class space    used 8543K, committed 8768K, reserved 1048576K
}
Event: 17.899 GC heap before
{Heap before GC invocations=15 (full 0):
 garbage-first heap   total 110592K, used 46829K [0x0000000700000000, 0x0000000800000000)
  region size 2048K, 5 young (10240K), 3 survivors (6144K)
 Metaspace       used 60177K, committed 60608K, reserved 1114112K
  class space    used 8654K, committed 8832K, reserved 1048576K
}
Event: 17.906 GC heap after
{Heap after GC invocations=16 (full 0):
 garbage-first heap   total 110592K, used 46305K [0x0000000700000000, 0x0000000800000000)
  region size 2048K, 1 young (2048K), 1 survivors (2048K)
 Metaspace       used 60177K, committed 60608K, reserved 1114112K
  class space    used 8654K, committed 8832K, reserved 1048576K
}
Event: 21.951 GC heap before
{Heap before GC invocations=17 (full 0):
 garbage-first heap   total 110592K, used 81121K [0x0000000700000000, 0x0000000800000000)
  region size 2048K, 19 young (38912K), 1 survivors (2048K)
 Metaspace       used 64377K, committed 64896K, reserved 1114112K
  class space    used 9342K, committed 9600K, reserved 1048576K
}
Event: 21.955 GC heap after
{Heap after GC invocations=18 (full 0):
 garbage-first heap   total 110592K, used 48141K [0x0000000700000000, 0x0000000800000000)
  region size 2048K, 2 young (4096K), 2 survivors (4096K)
 Metaspace       used 64377K, committed 64896K, reserved 1114112K
  class space    used 9342K, committed 9600K, reserved 1048576K
}
Event: 22.085 GC heap before
{Heap before GC invocations=18 (full 0):
 garbage-first heap   total 110592K, used 50189K [0x0000000700000000, 0x0000000800000000)
  region size 2048K, 3 young (6144K), 2 survivors (4096K)
 Metaspace       used 64458K, committed 64960K, reserved 1114112K
  class space    used 9356K, committed 9600K, reserved 1048576K
}
Event: 22.100 GC heap after
{Heap after GC invocations=19 (full 0):
 garbage-first heap   total 110592K, used 48065K [0x0000000700000000, 0x0000000800000000)
  region size 2048K, 1 young (2048K), 1 survivors (2048K)
 Metaspace       used 64458K, committed 64960K, reserved 1114112K
  class space    used 9356K, committed 9600K, reserved 1048576K
}
Event: 459.494 GC heap before
{Heap before GC invocations=19 (full 0):
 garbage-first heap   total 110592K, used 82881K [0x0000000700000000, 0x0000000800000000)
  region size 2048K, 18 young (36864K), 1 survivors (2048K)
 Metaspace       used 67831K, committed 68416K, reserved 1114112K
  class space    used 9842K, committed 10112K, reserved 1048576K
}
Event: 459.753 GC heap after
{Heap after GC invocations=20 (full 0):
 garbage-first heap   total 110592K, used 49564K [0x0000000700000000, 0x0000000800000000)
  region size 2048K, 1 young (2048K), 1 survivors (2048K)
 Metaspace       used 67831K, committed 68416K, reserved 1114112K
  class space    used 9842K, committed 10112K, reserved 1048576K
}
Event: 1218.047 GC heap before
{Heap before GC invocations=21 (full 0):
 garbage-first heap   total 110592K, used 82332K [0x0000000700000000, 0x0000000800000000)
  region size 2048K, 18 young (36864K), 1 survivors (2048K)
 Metaspace       used 67653K, committed 68416K, reserved 1114112K
  class space    used 9802K, committed 10112K, reserved 1048576K
}
Event: 1218.129 GC heap after
{Heap after GC invocations=22 (full 0):
 garbage-first heap   total 110592K, used 49317K [0x0000000700000000, 0x0000000800000000)
  region size 2048K, 1 young (2048K), 1 survivors (2048K)
 Metaspace       used 67653K, committed 68416K, reserved 1114112K
  class space    used 9802K, committed 10112K, reserved 1048576K
}
Event: 1266.372 GC heap before
{Heap before GC invocations=22 (full 0):
 garbage-first heap   total 110592K, used 51365K [0x0000000700000000, 0x0000000800000000)
  region size 2048K, 2 young (4096K), 1 survivors (2048K)
 Metaspace       used 67653K, committed 68416K, reserved 1114112K
  class space    used 9802K, committed 10112K, reserved 1048576K
}
Event: 1266.478 GC heap after
{Heap after GC invocations=23 (full 0):
 garbage-first heap   total 110592K, used 47021K [0x0000000700000000, 0x0000000800000000)
  region size 2048K, 1 young (2048K), 1 survivors (2048K)
 Metaspace       used 67653K, committed 68416K, reserved 1114112K
  class space    used 9802K, committed 10112K, reserved 1048576K
}

