# JRE version: Java(TM) SE Runtime Environment (17.0.12+8) (build 17.0.12+8-LTS-286)
# Java VM: Java HotSpot(TM) 64-Bit Server VM (17.0.12+8-LTS-286, mixed mode, emulated-client, sharing, tiered, compressed oops, compressed class ptrs, g1 gc, bsd-amd64)
Heap:
 garbage-first heap   total 280576K, used 212415K [0x0000000700000000, 0x0000000800000000)
  region size 2048K, 27 young (55296K), 1 survivors (2048K)
 Metaspace       used 82503K, committed 83456K, reserved 1179648K
  class space    used 11797K, committed 12224K, reserved 1048576K
GC Heap History (20 events):
Event: 14.194 GC heap before
{Heap before GC invocations=20 (full 0):
 garbage-first heap   total 172032K, used 136307K [0x0000000700000000, 0x0000000800000000)
  region size 2048K, 39 young (79872K), 3 survivors (6144K)
 Metaspace       used 64724K, committed 65216K, reserved 1114112K
  class space    used 9249K, committed 9472K, reserved 1048576K
}
Event: 14.199 GC heap after
{Heap after GC invocations=21 (full 0):
 garbage-first heap   total 172032K, used 62783K [0x0000000700000000, 0x0000000800000000)
  region size 2048K, 3 young (6144K), 3 survivors (6144K)
 Metaspace       used 64724K, committed 65216K, reserved 1114112K
  class space    used 9249K, committed 9472K, reserved 1048576K
}
Event: 14.354 GC heap before
{Heap before GC invocations=21 (full 0):
 garbage-first heap   total 172032K, used 138559K [0x0000000700000000, 0x0000000800000000)
  region size 2048K, 40 young (81920K), 3 survivors (6144K)
 Metaspace       used 64825K, committed 65344K, reserved 1114112K
  class space    used 9261K, committed 9536K, reserved 1048576K
}
Event: 14.360 GC heap after
{Heap after GC invocations=22 (full 0):
 garbage-first heap   total 215040K, used 64140K [0x0000000700000000, 0x0000000800000000)
  region size 2048K, 4 young (8192K), 4 survivors (8192K)
 Metaspace       used 64825K, committed 65344K, reserved 1114112K
  class space    used 9261K, committed 9536K, reserved 1048576K
}
Event: 15.578 GC heap before
{Heap before GC invocations=22 (full 0):
 garbage-first heap   total 215040K, used 172684K [0x0000000700000000, 0x0000000800000000)
  region size 2048K, 57 young (116736K), 4 survivors (8192K)
 Metaspace       used 69261K, committed 69760K, reserved 1114112K
  class space    used 9921K, committed 10176K, reserved 1048576K
}
Event: 15.582 GC heap after
{Heap after GC invocations=23 (full 0):
 garbage-first heap   total 215040K, used 67440K [0x0000000700000000, 0x0000000800000000)
  region size 2048K, 5 young (10240K), 5 survivors (10240K)
 Metaspace       used 69261K, committed 69760K, reserved 1114112K
  class space    used 9921K, committed 10176K, reserved 1048576K
}
Event: 121.371 GC heap before
{Heap before GC invocations=23 (full 0):
 garbage-first heap   total 215040K, used 190320K [0x0000000700000000, 0x0000000800000000)
  region size 2048K, 49 young (100352K), 5 survivors (10240K)
 Metaspace       used 79901K, committed 80512K, reserved 1179648K
  class space    used 11416K, committed 11712K, reserved 1048576K
}
Event: 121.453 GC heap after
{Heap after GC invocations=24 (full 0):
 garbage-first heap   total 217088K, used 112318K [0x0000000700000000, 0x0000000800000000)
  region size 2048K, 8 young (16384K), 8 survivors (16384K)
 Metaspace       used 79901K, committed 80512K, reserved 1179648K
  class space    used 11416K, committed 11712K, reserved 1048576K
}
Event: 338.752 GC heap before
{Heap before GC invocations=24 (full 0):
 garbage-first heap   total 217088K, used 171710K [0x0000000700000000, 0x0000000800000000)
  region size 2048K, 38 young (77824K), 8 survivors (16384K)
 Metaspace       used 82448K, committed 83200K, reserved 1179648K
  class space    used 11762K, committed 12096K, reserved 1048576K
}
Event: 338.876 GC heap after
{Heap after GC invocations=25 (full 0):
 garbage-first heap   total 217088K, used 114606K [0x0000000700000000, 0x0000000800000000)
  region size 2048K, 2 young (4096K), 2 survivors (4096K)
 Metaspace       used 82448K, committed 83200K, reserved 1179648K
  class space    used 11762K, committed 12096K, reserved 1048576K
}
Event: 369.140 GC heap before
{Heap before GC invocations=26 (full 0):
 garbage-first heap   total 217088K, used 200622K [0x0000000700000000, 0x0000000800000000)
  region size 2048K, 25 young (51200K), 2 survivors (4096K)
 Metaspace       used 82612K, committed 83328K, reserved 1179648K
  class space    used 11828K, committed 12160K, reserved 1048576K
}
Event: 369.196 GC heap after
{Heap after GC invocations=27 (full 0):
 garbage-first heap   total 217088K, used 158124K [0x0000000700000000, 0x0000000800000000)
  region size 2048K, 2 young (4096K), 2 survivors (4096K)
 Metaspace       used 82612K, committed 83328K, reserved 1179648K
  class space    used 11828K, committed 12160K, reserved 1048576K
}
Event: 370.095 GC heap before
{Heap before GC invocations=27 (full 0):
 garbage-first heap   total 217088K, used 168364K [0x0000000700000000, 0x0000000800000000)
  region size 2048K, 5 young (10240K), 2 survivors (4096K)
 Metaspace       used 82662K, committed 83456K, reserved 1179648K
  class space    used 11836K, committed 12224K, reserved 1048576K
}
Event: 370.112 GC heap after
{Heap after GC invocations=28 (full 0):
 garbage-first heap   total 217088K, used 161567K [0x0000000700000000, 0x0000000800000000)
  region size 2048K, 1 young (2048K), 1 survivors (2048K)
 Metaspace       used 82662K, committed 83456K, reserved 1179648K
  class space    used 11836K, committed 12224K, reserved 1048576K
}
Event: 378.523 GC heap before
{Heap before GC invocations=28 (full 0):
 garbage-first heap   total 217088K, used 186143K [0x0000000700000000, 0x0000000800000000)
  region size 2048K, 13 young (26624K), 1 survivors (2048K)
 Metaspace       used 82664K, committed 83456K, reserved 1179648K
  class space    used 11837K, committed 12224K, reserved 1048576K
}
Event: 378.563 GC heap after
{Heap after GC invocations=29 (full 0):
 garbage-first heap   total 217088K, used 161356K [0x0000000700000000, 0x0000000800000000)
  region size 2048K, 1 young (2048K), 1 survivors (2048K)
 Metaspace       used 82664K, committed 83456K, reserved 1179648K
  class space    used 11837K, committed 12224K, reserved 1048576K
}
Event: 404.943 GC heap before
{Heap before GC invocations=30 (full 0):
 garbage-first heap   total 280576K, used 183884K [0x0000000700000000, 0x0000000800000000)
  region size 2048K, 13 young (26624K), 1 survivors (2048K)
 Metaspace       used 82473K, committed 83456K, reserved 1179648K
  class space    used 11791K, committed 12224K, reserved 1048576K
}
Event: 404.967 GC heap after
{Heap after GC invocations=31 (full 0):
 garbage-first heap   total 280576K, used 161908K [0x0000000700000000, 0x0000000800000000)
  region size 2048K, 1 young (2048K), 1 survivors (2048K)
 Metaspace       used 82473K, committed 83456K, reserved 1179648K
  class space    used 11791K, committed 12224K, reserved 1048576K
}
Event: 408.345 GC heap before
{Heap before GC invocations=31 (full 0):
 garbage-first heap   total 280576K, used 170100K [0x0000000700000000, 0x0000000800000000)
  region size 2048K, 6 young (12288K), 1 survivors (2048K)
 Metaspace       used 82474K, committed 83456K, reserved 1179648K
  class space    used 11791K, committed 12224K, reserved 1048576K
}
Event: 408.382 GC heap after
{Heap after GC invocations=32 (full 0):
 garbage-first heap   total 280576K, used 159357K [0x0000000700000000, 0x0000000800000000)
  region size 2048K, 1 young (2048K), 1 survivors (2048K)
 Metaspace       used 82474K, committed 83456K, reserved 1179648K
  class space    used 11791K, committed 12224K, reserved 1048576K
}

